Branch indexing
[8mha:////4Jgbt3dY/lQC13ZmyLCzELPxKwCgY3dC8Dgmo2I4v/dYAAAAhB+LCAAAAAAAAP9b85aBtbiIwSa/KF0vKzUvOzOvODlTryCnNB3I0kvPLMkoTYpPKkrMS86IL84vLUpO1XPPLPEoTXLOzyvOz0n1yy9JZYAARiYGRi8GzpLM3NTiksTcgooiBqmM0pTi/Dy9ZIhiPayaGCoKgHRa39ao4wBcvh68jgAAAA==[0mConnecting to https://api.github.com using aptuser/****** (GitHub Access Token)
Obtained Jenkinsfile from 7c065cf535c80f05af5d0dedcfdb7b1e7264b743
Running in Durability level: MAX_SURVIVABILITY
[8mha:////4LLPZZkPirKwhw+Z1tbMCw4PrrPYEzD5yU9XY51QGTfjAAAApR+LCAAAAAAAAP9tjTEOwjAUQ3+KOrAycohUghExsUZZOEFIQkgb/d8mKe3EibgadyBQiQlLlmxL1nu+oE4RjhQdby12HpP2vA+jK4lPFLtroIm3dOGaMFGwXNpJkrGnpUrKFhaxClYC1hZ1oOTRZdiIVt1VExS65pxj2Q4CKm8GeAAThZxVzN8yR9jeRpMIf5y/AJj7DGxXvP/86jduZBmjwAAAAA==[0m[Pipeline] node
Running on [8mha:////4HF2LUx6xGpSc3Q8Tk0ulOIl3ODTmxbuDEp9cxVf9o1JAAAAnh+LCAAAAAAAAP9b85aBtbiIQTGjNKU4P08vOT+vOD8nVc83PyU1x6OyILUoJzMv2y+/JJUBAhiZGBgqihhk0NSjKDWzXb3RdlLBUSYGJk8GtpzUvPSSDB8G5tKinBIGIZ+sxLJE/ZzEvHT94JKizLx0a6BxUmjGOUNodHsLgAz2EgZh/eT83ILSktQifY3cxGIgrakPAHib2iPIAAAA[0mJenkins in /var/jenkins_home/workspace/orbisdocker_master-RSJDGSSUTRFMBJF7PRA2UWAQ7FN5HQ4JRLRBSHIVGA4W2PTT3WWA
[8mha:////4NmbLzAjIKCoE00RIDyH+OtkfAkWLawDDO2Im81xS1pgAAAApR+LCAAAAAAAAP9tjTEOwjAUQ3+KOrAycoh0gA0xsUZZOEFIQkgb/d8mKe3EibgadyBQiQlLlmxL1nu+oE4RjhQdby12HpP2vA+jK4lPFLtroIm3dOGaMFGwXNpJkrGnpUrKFhaxClYC1hZ1oOTRZdiIVt1VExS65pxj2Q4CKm8GeAAThZxVzN8yR9jeRpMIf5y/AJj7DGxXvP/86jfoP95RwAAAAA==[0m[Pipeline] {
[8mha:////4GZFrhYNEpDOOaEK9gLDfrVAl6+eIc1wsklAsGmWEiXIAAAApR+LCAAAAAAAAP9tjTEOwjAUQ3+KOrAycoh0gQkxsUZZOEFIQkgb/d8mKe3EibgadyBQiQlLlmxL1nu+oE4RjhQdby12HpP2vA+jK4lPFLtroIm3dOGaMFGwXNpJkrGnpUrKFhaxClYC1hZ1oOTRZdiIVt1VExS65pxj2Q4CKm8GeAAThZxVzN8yR9jeRpMIf5y/AJj7DGxXvP/86jc09154wAAAAA==[0m[Pipeline] stage
[8mha:////4NiDKZfUgXiEHHF7457Ys04EgVR2ubdkMdvMLIDr5/pZAAAApR+LCAAAAAAAAP9tjTEOwjAUQ3+KOrAycoh0ggUxsUZZOEFIQkgb/d8mKe3EibgadyBQiQlLlmxL1nu+oE4RjhQdby12HpP2vA+jK4lPFLtroIm3dOGaMFGwXNpJkrGnpUrKFhaxClYC1hZ1oOTRZdiIVt1VExS65pxj2Q4CKm8GeAAThZxVzN8yR9jeRpMIf5y/AJj7DGxXvP/86jek7ggRwAAAAA==[0m[Pipeline] { (Declarative: Checkout SCM)
[8mha:////4OFFCdvUsUerGLE5Zqr6jQYqPiTkPn714rKK96/I+SE+AAAAoh+LCAAAAAAAAP9tjTEOAiEURD9rLGwtPQTbaWGsbAmNJ0AWEZb8zwLrbuWJvJp3kLiJlZNMMm+a93rDOic4UbLcG+wdZu14DKOti0+U+lugiXu6ck2YKRguzSSpM+cFJRUDS1gDKwEbgzpQdmgLbIVXD9UGhba9lFS/o4DGdQM8gYlqLiqVL8wJdvexy4Q/z18BzLEA29ce4gfg7KmOvAAAAA==[0m[Pipeline] checkout
Cloning the remote Git repository
Cloning with configured refspecs honoured and without tags
Cloning repository https://github.com/garciacerrillovictor/orbisdocker.git
 > git init /var/jenkins_home/workspace/orbisdocker_master-RSJDGSSUTRFMBJF7PRA2UWAQ7FN5HQ4JRLRBSHIVGA4W2PTT3WWA # timeout=10
Fetching upstream changes from https://github.com/garciacerrillovictor/orbisdocker.git
 > git --version # timeout=10
using GIT_ASKPASS to set credentials GitHub Access Token
 > git fetch --no-tags --progress https://github.com/garciacerrillovictor/orbisdocker.git +refs/heads/master:refs/remotes/origin/master
 > git config remote.origin.url https://github.com/garciacerrillovictor/orbisdocker.git # timeout=10
 > git config --add remote.origin.fetch +refs/heads/master:refs/remotes/origin/master # timeout=10
 > git config remote.origin.url https://github.com/garciacerrillovictor/orbisdocker.git # timeout=10
Cleaning workspace
 > git rev-parse --verify HEAD # timeout=10
No valid HEAD. Skipping the resetting
 > git clean -fdx # timeout=10
Fetching without tags
Fetching upstream changes from https://github.com/garciacerrillovictor/orbisdocker.git
using GIT_ASKPASS to set credentials GitHub Access Token
 > git fetch --no-tags --progress https://github.com/garciacerrillovictor/orbisdocker.git +refs/heads/master:refs/remotes/origin/master
Checking out Revision 7c065cf535c80f05af5d0dedcfdb7b1e7264b743 (master)
 > git config core.sparsecheckout # timeout=10
 > git checkout -f 7c065cf535c80f05af5d0dedcfdb7b1e7264b743
 > git branch -a -v --no-abbrev # timeout=10
 > git checkout -b master 7c065cf535c80f05af5d0dedcfdb7b1e7264b743
Commit message: "working3"
First time build. Skipping changelog.
Cleaning workspace
 > git rev-parse --verify HEAD # timeout=10
Resetting working tree
 > git reset --hard # timeout=10
 > git clean -fdx # timeout=10
[8mha:////4A9oRSSwttmiJJ4P/cQLKt2/djs2rQG1Ow+OaN9n+sq9AAAAoh+LCAAAAAAAAP9tjTEOAiEURD9rLGwtPQTbGRNjZUtoPAGyiLDkfxZYdytP5NW8g8RNrJxkknnTvNcb1jnBiZLl3mDvMGvHYxhtXXyi1N8CTdzTlWvCTMFwaSZJnTkvKKkYWMIaWAnYGNSBskNbYCu8eqg2KLTtpaT6HQU0rhvgCUxUc1GpfGFOsLuPXSb8ef4KYI6xADvU7j9Dg2gqvAAAAA==[0m[Pipeline] }
[8mha:////4BRyKIDZeuRV6EKn9qU0nle7fTnvNIUO0dy4UuGlpo5WAAAAoh+LCAAAAAAAAP9tjTEOAiEURD9rLGwtPQRbWRhjZUtoPAGyiLDkfxZYdytP5NW8g8RNrJxkknnTvNcb1jnBiZLl3mDvMGvHYxhtXXyi1N8CTdzTlWvCTMFwaSZJnTkvKKkYWMIaWAnYGNSBskNbYCu8eqg2KLTtpaT6HQU0rhvgCUxUc1GpfGFOsLuPXSb8ef4KYI6xADvU7j9J+wGOvAAAAA==[0m[Pipeline] // stage
[8mha:////4M+ggO4mq8+dk2RzJBb42FdPgb2y1axIHezDN3f/SKm5AAAAph+LCAAAAAAAAP9tjTEOwjAQBM9BKWgpeYQDEh2iorXc8AITG+PEugv2haTiRXyNPxCIRMVWOyut5vmCMic4UPKycdgGzHWQXez91ORAqb1EGmRDZ1kTZopOajdosu44oyZ2MEcUsFCwdFhHygE9w0o15m6qaNBXJ07TtldQBHuDBwg1mdkk/sKYYH3tbSb8ef4KYOwYxI6h2G4+x/INtuQqUcEAAAA=[0m[Pipeline] withEnv
[8mha:////4DLA3o3F9+lHEK8HCUuLz56vyENadfU7GlMfUqNV6/TTAAAApR+LCAAAAAAAAP9tjTEOwjAUQ3+DOrAycoiUzoiJNerCCUITQtLo/zZJSSdOxNW4Ay2VmPBg2Zas93pDGQOcKBjuNHYWY2t570czJ54pdDdPmTu68pYwkte80bkhpc9rbShpWFUw2AjYamw9RYsmwU44+ZCVl2iqSwrzdhTArBrgCYWYyUmG9C1TgP19VJHwx/kLgKlPwOrDYvXyLD8BobDcwgAAAA==[0m[Pipeline] {
[8mha:////4HRu8908SYcEipgwrgWpSUrWVtp0ejpCAraFEe0jX67PAAAAph+LCAAAAAAAAP9tjTEOwjAUQ3+LOrAycohUZUVMrFEWThCaEJJG/7dJSjpxIq7GHWipxIQHy7ZkvdcbqhjgRMEwp7GzGFvLej+aObFMobt5yszRlbWEkbxmQmdBSp/XKihpWFWUsOGw1dh6ihZNgh138iFrL9HUlxTm7cihtGqAJxR8JicZ0rdMAfb3UUXCH+cvAKY+Qdk0ix2WZ/UBbwyqm8IAAAA=[0m[Pipeline] stage
[8mha:////4E0CKPDIVYazwjEJBb2TxrA2s+S1Dv8c48aTCCZNCjA9AAAAph+LCAAAAAAAAP9tjTEOwjAUQ3+LOrAycohUwIiYukZZOEFoQkgb/V9+UtqJE3E17kBLJSY8WLYl673eUESGE7ETjcXWY6y96ELvpiQG4vYaaBANXURNGClYoeygyNhqqYqShUVZDisJa4t1oOjRJdjIRj90GTS68px42o4Scm/u8IRMTuSkOX3LyLC99SYS/jh/ATB2CfLdfrbD/Cw+y7kUycIAAAA=[0m[Pipeline] { (Build)
[8mha:////4HikQOpeMJmVVMlHJi6dW9vIQfl4xunS0OAb6lIxcPlTAAAApB+LCAAAAAAAAP9tjTEOwjAQBC9BFLSUPOIiBB2iSmu54QUmNsaJdWdsh6TiRXyNPxCIRMUWq51t5vmCZYpw5GixNdQ5So3D4Hs7LRw4dhfPA7Z8xoYpsTcozSBZm3pGydnAnKKEhYCVocZzcmQzrEWr7qryimx1ynH6DgJKp2/wgEJM5qxi/sIYYXPtdWL6ef4KYAwZyu3uU/vwBgq0rvS+AAAA[0m[Pipeline] echo
Building..
[8mha:////4ARBXd7xUim6dr3Mtl7kjkW1CdeLng9ftO5+2+605whDAAAApB+LCAAAAAAAAP9tjTEOwjAQBC9BFLSUPOIihKgQVVrLDS8wsTFOrDtjOyQVL+Jr/IFAJCq2WO1sM88XLFOEI0eLraHOUWocBt/baeHAsbt4HrDlMzZMib1BaQbJ2tQzSs4G5hQlLASsDDWekyObYS1adVeVV2SrU47TdxBQOn2DBxRiMmcV8xfGCJtrrxPTz/NXAGPIUG53n9qHN0uFte2+AAAA[0m[Pipeline] sh
[orbisdocker_master-RSJDGSSUTRFMBJF7PRA2UWAQ7FN5HQ4JRLRBSHIVGA4W2PTT3WWA] Running shell script
+ make project-workspace
docker run --rm -it -d -v /var/jenkins_home/workspace/orbisdocker_master-RSJDGSSUTRFMBJF7PRA2UWAQ7FN5HQ4JRLRBSHIVGA4W2PTT3WWA:/app -p 3030:3030 -p 35729:35729 dockervic/orbis-training-docker:1.0.6
ef2f939f6752369e6a5305ff2d71be85f597cbf9b864a8d79d3bb6af4e36588b
[8mha:////4CndBTCV9FvXqdneFy/8Zq9zGEL26mZ5Mrtr/KWlGNgEAAAApR+LCAAAAAAAAP9tjTEOwjAQBC9BFLSUPOIihESDqNJabniBiY1xYt0Z2yGpeBFf4w8EIlGxxWpnm3m+YJkiHDlabA11jlLjMPjeTgsHjt3F84Atn7FhSuwNSjNI1qaeUXI2MKcoYSFgZajxnBzZDGvRqruqvCJbnXKcvoOA0ukbPKAQkzmrmL8wRthce52Yfp6/AhhDhnK7+9Q+vAGI1pjGvgAAAA==[0m[Pipeline] sh
[orbisdocker_master-RSJDGSSUTRFMBJF7PRA2UWAQ7FN5HQ4JRLRBSHIVGA4W2PTT3WWA] Running shell script
+ make install
docker run --rm -v /var/jenkins_home/workspace/orbisdocker_master-RSJDGSSUTRFMBJF7PRA2UWAQ7FN5HQ4JRLRBSHIVGA4W2PTT3WWA:/app dockervic/orbis-training-docker:1.0.6 npm install
npm WARN saveError ENOENT: no such file or directory, open '/app/package.json'
npm WARN enoent ENOENT: no such file or directory, open '/app/package.json'
npm WARN app No description
npm WARN app No repository field.
npm WARN app No README data
npm WARN app No license field.

up to date in 1.546s
found 0 vulnerabilities

[8mha:////4JwJMMnUrDL0lGt8TvAzMOm0VrPohW6UKES479ogQviCAAAApR+LCAAAAAAAAP9tjTEOwjAQBC9BFLSUPOIiREGBqNJabniBiY1xYt0Z2yGpeBFf4w8EIlGxxWpnm3m+YJkiHDlabA11jlLjMPjeTgsHjt3F84Atn7FhSuwNSjNI1qaeUXI2MKcoYSFgZajxnBzZDGvRqruqvCJbnXKcvoOA0ukbPKAQkzmrmL8wRthce52Yfp6/AhhDyFBu95/avQG7xuaSvgAAAA==[0m[Pipeline] }
[8mha:////4LIf7RyDUWb8/RRBq0AtOLDkXhTuzjBP3w9CfbkI4cvgAAAApB+LCAAAAAAAAP9tjTEOwjAQBC9BFLSUPOIiqJAQVVrLDS8wsTFOrDtjOyQVL+Jr/IFAJCq2WO1sM88XLFOEI0eLraHOUWocBt/baeHAsbt4HrDlMzZMib1BaQbJ2tQzSs4G5hQlLASsDDWekyObYS1adVeVV2SrU47TdxBQOn2DBxRiMmcV8xfGCJtrrxPTz/NXAGMIGcrt/lO7N/hEtxS+AAAA[0m[Pipeline] // stage
[8mha:////4N1f/x9uFTGSdyyHmoZprdLDUKV70p7kgjZ6/OMLryW7AAAAph+LCAAAAAAAAP9tjTEOwjAUQ3+LOrAycohUHRFiYo2ycILQhJA0+r9NUtKJE3E17kBLJSY8WLYl673eUMUAJwqGOY2dxdha1vvRzIllCt3NU2aOrqwljOQ1EzoLUvq8VkFJw6qihA2HrcbWU7RoEuy4kw9Ze4mmvqQwb0cOpVUDPKHgMznJkL5lCrC/jyoS/jh/ATD1CcqmWeywPKsPrPxt8cIAAAA=[0m[Pipeline] stage
[8mha:////4I8FUZykES2yMpUxdjCdGnXeV0ajquNv1RfqjpFhYPDcAAAApx+LCAAAAAAAAP9tjTEOwjAUQ3+LOrAycogU2BDqxBp14QShCSFp9H9JUtKJE3E17kCgEhMeLNuS9Z4vqIKHhrxmVmFvMHSGDW7UObFEvr84SszSmXWEgZxirUotSXWca0tRwayihAWHpcLOUTCoI6y4FXdRO4G6PkWftwOH0sgbPKDgmRyFj98yeVhfRxkIf5y/AJiGCOV2n223+TyrN7xWSV3CAAAA[0m[Pipeline] { (Test)
[8mha:////4DVsdNxsYhoaJgnf3iXQqfmbhgOaqm5q8L39+3YCB1LdAAAAox+LCAAAAAAAAP9tjTEOwjAQBC9BFLSUPOICtIgqreWGF5jYGCfWnbEdkooX8TX+QCASFVusdraZ5wuWKcKRo8XWUOcoNQ6D7+20cODYXTwP2PIZG6bE3qA0g2Rt6hklZwNzihIWAlaGGs/Jkc2wFq26q8orstUpx+k7CCidvsEDCjGZs4r5C2OEzbXXienn+SuAMWQo99tP7cIbaOP4NL4AAAA=[0m[Pipeline] echo
Testing..
[8mha:////4IqJ/QWqhXSP4DtSEZdraPtEXWv3RkNvAkLt+UOQfqlFAAAAox+LCAAAAAAAAP9tjTEOwjAQBC9BFLSUPOKC0iIqWisNLzCJMXasO8d2cCpexNf4A4FIVGyx2tlmni9YxwBHDhqtot5QbA16N+p5YebQXx1ntHzBlimyU9io3HCnTgs2nBQsKUpYCdgoah1HQzrBVlh5l5WTpKtzCvN3EFCaboAHFGI2JxnSF6YAu9vYRaaf568AJp+grPefqv0bq7DVH74AAAA=[0m[Pipeline] sh
[orbisdocker_master-RSJDGSSUTRFMBJF7PRA2UWAQ7FN5HQ4JRLRBSHIVGA4W2PTT3WWA] Running shell script
+ make start
docker run --rm -v /var/jenkins_home/workspace/orbisdocker_master-RSJDGSSUTRFMBJF7PRA2UWAQ7FN5HQ4JRLRBSHIVGA4W2PTT3WWA:/app -p 3030:3030 -p 35729:35729 dockervic/orbis-training-docker:1.06 npm start
Unable to find image 'dockervic/orbis-training-docker:1.06' locally
docker: Error response from daemon: manifest for dockervic/orbis-training-docker:1.06 not found.
See 'docker run --help'.
make: *** [Makefile:18: start] Error 125
[8mha:////4JUwy1Z8NzdUM/RrUBG95LrG3Pk3QC6ve6a2R4LQy84LAAAAox+LCAAAAAAAAP9tjTEOwjAQBC9BFLSUPOKCoERUaS03vMDExjix7oztkFS8iK/xBwKRqNhitbPNPF+wTBGOHC22hjpHqXEYfG+nhQPH7uJ5wJbP2DAl9galGSRrU88oORuYU5SwELAy1HhOjmyGtWjVXVVeka1OOU7fQUDp9A0eUIjJnFXMXxgjbK69Tkw/z18BjCFkKHf7T23fSZy7ir4AAAA=[0m[Pipeline] }
[8mha:////4AlFqhit9p0r02xXDWxLREjcAVbIbjioDlydvQ6tKmOWAAAApR+LCAAAAAAAAP9tjTEOwjAQBC9BFLSUPOIiEA1CqWgtN7zAJMY4se6C7eBUvIiv8QcsIlGxxWpnm3m9YRk81OwNdpp6S6GxOLjR5IWJfX91nLDjCzZMgZ1GqZPkVp9mlBw1zClKWAhYaWocB0smwlp06qEqp8hU5+jzdxRQ2vYOTyhENkfl4xcmD5vb2Aamn+evAKZhiFDu9rm2hw+WR0/FvgAAAA==[0m[Pipeline] // stage
[8mha:////4Dja8c21lvKIPcyP/GwgCbFITQ+MXZwWt0pZTybyC4rMAAAAqB+LCAAAAAAAAP9tjTEOwjAUQ3+LOrAycohURWJCTF2jLpwgNCEkjf4vSUo6cSKuxh0IVGLCg2Vbst7zBVXwcCSvmVU4GAy9YaObdE4skR8ujhKzdGY9YSCnWKdSR1K1S+0oKlhUlLDisFbYOwoGdYQNt+IuaidQ16fo83bgUBp5gwcUPJOj8PFbZg/b6yQD4Y/zFwDzGKFsmmy7/edZvQFKJke3wgAAAA==[0m[Pipeline] stage
[8mha:////4PhT/Pc4fX/OZSrSQfVimoSzkvXCgtjG7ZXHcdBu5Rs7AAAAqB+LCAAAAAAAAP9tjTEOwjAUQ3+LOrAycohUQoIFMXWNsnCC0ISQNvq//KS0EyfiatyBlkpMeLBsS9Z7vaGIDCdiJxqLrcdYe9GF3k1JDMTtNdAgGrqImjBSsELZQZGx1VIVJQuLshxWEtYW60DRo0uwkY1+6DJodOU58bQdJeTe3OEJmZzISXP6lpFhe+tNJPxx/gJg7BLku/1sh/lZfACW9ZT2wgAAAA==[0m[Pipeline] { (Deploy)
Stage "Deploy" skipped due to earlier failure(s)
[8mha:////4Ps3P/IqBmraYI679wQqUN1xSh2VUTmokaZMUqEgpA6HAAAApR+LCAAAAAAAAP9tjTEOwjAQBC9BFLSUPOIiUUCBqNJabniBiY1xYt0Z2yGpeBFf4w8EIlGxxWpnm3m+YJkiHDlabA11jlLjMPjeTgsHjt3F84Atn7FhSuwNSjNI1qaeUXI2MKcoYSFgZajxnBzZDGvRqruqvCJbnXKcvoOA0ukbPKAQkzmrmL8wRthce52Yfp6/AhhDyFBu95/avQFqe0n4vgAAAA==[0m[Pipeline] }
[8mha:////4K1lD/zCA3xPWG6bVVZ/4rJLrEWIBxB5zz7472FBEOL7AAAApR+LCAAAAAAAAP9tjTEOwjAQBC9BFLSUPOIiISEhIaq0lhteYGJjnFh3xnZIKl7E1/gDgUhUbLHa2WaeL1imCEeOFltDnaPUOAy+t9PCgWN38Txgy2dsmBJ7g9IMkrWpZ5ScDcwpSlgIWBlqPCdHNsNatOquKq/IVqccp+8goHT6Bg8oxGTOKuYvjBE2114npp/nrwDGEDKU2/2ndm8FmBaQvgAAAA==[0m[Pipeline] // stage
[8mha:////4I/FHn6GggofZOiRDODX4w5iR7T6+ERvug6wsKkanP8dAAAApB+LCAAAAAAAAP9tjTEOwjAQBC9BFLSUPOKi0CFEldZKwwtMbIwT687YDknFi/gaf8AiEhVbrHa2mdcb1jHAiYPBXtNgKXYWvRtNXjhxGK6OJ+z5gh1TZKex1VPLSjcLtpw0LClKWAnYaOocR0smwVb08iErJ8lU5xTydxRQWnWHJxQim5MM6QtzgN1tVJHp5/krgNn7BOX+kKuuP3rcCne+AAAA[0m[Pipeline] }
[8mha:////4A7UjRr2PjvsxKEQXG2hbdpm+fNbbtaVhNzlOMnGZVDQAAAApB+LCAAAAAAAAP9tjTEOwjAQBC9BFLSUPOISRImo0lppeIGJjXFi3RnbIal4EV/jD1hEomKL1c4283rDOgY4cTDYaxosxc6id6PJCycOw9XxhD1fsGOK7DS2empZ6WbBlpOGJUUJKwEbTZ3jaMkk2IpePmTlJJnqnEL+jgJKq+7whEJkc5IhfWEOsLuNKjL9PH8FMHufoDzUufb1B5C2dYG+AAAA[0m[Pipeline] // withEnv
[8mha:////4MuxgHeXUg5OXhfh/xb0e5XigVitLPKBIOx9FtPi9RWHAAAAox+LCAAAAAAAAP9tjTEOwjAQBDdBFLSUPMIRgg5R0VppeIFJjHFi3QX7QlLxIr7GH4iIRMVWO9PM641lijhydKqx1HpKlVdd6N301MCxvQYeVMMXVTElDlaVdii5tqcZSxaLeVmOhcbKUhU4eXKCtW7MwxTBkCvOEid30Mh9fccTmZ7KYqJ8YYzY3Po6Mf06fwMYu06Q77aCbP8BPqPtor0AAAA=[0m[Pipeline] }
Terminated
[8mha:////4JuqI9DJ91vA6MHULqjPSphA+8kUVpjsgbrJGdGecOjDAAAAoh+LCAAAAAAAAP9tjbEOgjAURS8YB1dHP6IkMhon14bFL6hQa6F5D9uHMPlF/pr/IJHEyTvdc5bzemOdIo4cnWotdZ5S7VUfBjc/NXLsroFH1fJF1UyJg1WVHStu7GnBisViWZZjpbGxVAdOnpxgq1vzMEUw5IqzxNkdNHLf3PFEpueymChfmCJ2t6FJTL/O3wCmvhfk5V6QlR9NTCl7vQAAAA==[0m[Pipeline] // node
[8mha:////4PCtXOEVl+ACCARyx+5I1EWUkEu73it7bGsUjUvIS9NCAAAAoh+LCAAAAAAAAP9tjbEOgjAURS8YB1dHP6IkMhon14bFL6hQa6F5D9uHMPlF/pr/IJHEyTvdc5bzemOdIo4cnWotdZ5S7VUfBjc/NXLsroFH1fJF1UyJg1WVHStu7GnBisViWZZjpbGxVAdOnpxgq1vzMEUw5IqzxNkdNHLf3PFEpueymChfmCJ2t6FJTL/O3wCmvhfkZSnI9h9rVU4xvQAAAA==[0m[Pipeline] End of Pipeline

GitHub has been notified of this commitâ€™s build result

ERROR: script returned exit code 2
Finished: FAILURE
